2014-08-04 09:20:24  [ main:0 ] - [ INFO ]  启动刷机程序...
2014-08-04 09:20:24  [ main:0 ] - [ INFO ]  ======> 加载启动参数
2014-08-04 09:20:24  [ main:79 ] - [ INFO ]  ======> 加载IMEI文件
2014-08-04 09:20:24  [ main:111 ] - [ INFO ]  ======> 加载当前注册表的IMEI
2014-08-04 09:20:24  [ main:173 ] - [ INFO ]  ======> 启动ADB服务
2014-08-04 09:20:32  [ main:7789 ] - [ INFO ]  ======> 启动blueStacks
2014-08-04 09:21:03  [ main:39010 ] - [ INFO ]  ======> 退出blueStacks
2014-08-04 09:21:03  [ main:39010 ] - [ INFO ]  退出刷机程序!
2014-08-04 09:35:35  [ main:0 ] - [ INFO ]  启动刷机程序...
2014-08-04 09:35:35  [ main:3 ] - [ INFO ]  ======> 加载启动参数
2014-08-04 09:35:35  [ main:9 ] - [ INFO ]  ======> 加载IMEI文件
2014-08-04 09:35:35  [ main:12 ] - [ INFO ]  ======> 加载当前注册表的IMEI
2014-08-04 09:35:35  [ main:14 ] - [ INFO ]  ======> 启动ADB服务
2014-08-04 09:35:35  [ main:14 ] - [ INFO ]  ======> 启动blueStacks
2014-08-04 09:35:35  [ main:38 ] - [ INFO ]  退出刷机程序!
2014-08-04 09:36:14  [ main:0 ] - [ INFO ]  启动刷机程序...
2014-08-04 09:36:14  [ main:4 ] - [ INFO ]  ======> 加载启动参数
2014-08-04 09:36:14  [ main:12 ] - [ INFO ]  ======> 加载IMEI文件
2014-08-04 09:36:14  [ main:15 ] - [ INFO ]  ======> 加载当前注册表的IMEI
2014-08-04 09:36:14  [ main:18 ] - [ INFO ]  ======> 启动ADB服务
2014-08-04 09:36:14  [ main:18 ] - [ INFO ]  ======> 启动blueStacks
2014-08-04 09:36:14  [ main:60 ] - [ INFO ]  退出刷机程序!
